<?xml version="1.0" encoding="UTF-8"?>
<!-- Generated by org.testng.reporters.JUnitXMLReporter -->
<testsuite ignored="0" hostname="pro-Vignesh" failures="0" tests="3" name="invalidUse" time="0.062" errors="0" timestamp="2022-07-25T01:03:10 IST">
  <testcase classname="baseMethod.ReportsNewTest" name="@BeforeTest CrtNameWrongPassTest" time="0.016">
    <failure type="java.lang.IllegalStateException" message="The path to the driver executable The path to the driver executable must be set by the webdriver.chrome.driver system property; for more information, see https://chromedriver.chromium.org/. The latest version can be downloaded from https://chromedriver.chromium.org/downloads">
      <![CDATA[java.lang.IllegalStateException: The path to the driver executable The path to the driver executable must be set by the webdriver.chrome.driver system property; for more information, see https://chromedriver.chromium.org/. The latest version can be downloaded from https://chromedriver.chromium.org/downloads
at org.openqa.selenium.internal.Require$StateChecker.nonNull(Require.java:311)
at org.openqa.selenium.remote.service.DriverService.findExecutable(DriverService.java:135)
at org.openqa.selenium.chrome.ChromeDriverService.access$000(ChromeDriverService.java:39)
at org.openqa.selenium.chrome.ChromeDriverService$Builder.findDefaultExecutable(ChromeDriverService.java:233)
at org.openqa.selenium.remote.service.DriverService$Builder.build(DriverService.java:437)
at org.openqa.selenium.chrome.ChromeDriverService.createDefaultService(ChromeDriverService.java:128)
at org.openqa.selenium.chrome.ChromeDriver.<init>(ChromeDriver.java:49)
at baseMethod.ReportsNewTest.CrtNameWrongPassTest(ReportsNewTest.java:15)
... Removed 22 stack frames]]>
    </failure>
  </testcase> <!-- @BeforeTest CrtNameWrongPassTest -->
  <testcase classname="baseMethod.ReportsNewTest" name="CrtNameWrongPassTest" time="0.0">
    <skipped/>
  </testcase> <!-- CrtNameWrongPassTest -->
  <testcase classname="baseMethod.ReportsNewTest" name="generatReportTest" time="0.001">
    <skipped/>
  </testcase> <!-- generatReportTest -->
  <testcase classname="baseMethod.ReportsNewTest" name="getUrlTest" time="0.0">
    <skipped/>
  </testcase> <!-- getUrlTest -->
</testsuite> <!-- invalidUse -->
